03042025	17:40:02	47ea65bf-6652-44df-b3d6-8c1cc9d58b8d	OPTIONS	/blog/a2c9c60f-73f6-4fe0-8ae5-50d2200d20f5	http://localhost:5173
03042025	17:40:02	dddb5dfd-795e-4975-bc4b-42c1d4c6e9dd	OPTIONS	/blog/a2c9c60f-73f6-4fe0-8ae5-50d2200d20f5	http://localhost:5173
03042025	17:40:02	f0ad0ece-9b03-4b0c-a3ff-579d07848dc7	GET	/blog/a2c9c60f-73f6-4fe0-8ae5-50d2200d20f5	http://localhost:5173
03042025	17:40:02	90494e03-463f-41f5-9fb1-7c9cca00626d	GET	/blog/a2c9c60f-73f6-4fe0-8ae5-50d2200d20f5	http://localhost:5173
03042025	17:40:16	0c05af03-86cb-4336-89c9-9c2ff2c025aa	OPTIONS	/blog/a2c9c60f-73f6-4fe0-8ae5-50d2200d20f5	http://localhost:5173
03042025	17:40:16	ca960a43-d910-409c-b895-cb5ae7fa9a00	OPTIONS	/blog/a2c9c60f-73f6-4fe0-8ae5-50d2200d20f5	http://localhost:5173
03042025	17:40:16	7ee5e4c7-aa46-4d81-938c-b224da9df31f	GET	/blog/a2c9c60f-73f6-4fe0-8ae5-50d2200d20f5	http://localhost:5173
03042025	17:40:16	f9695b88-18ed-4562-8756-7c0b5a12df15	GET	/blog/a2c9c60f-73f6-4fe0-8ae5-50d2200d20f5	http://localhost:5173
03042025	17:40:19	236e33db-aff9-40b0-81e9-f5c38e262f11	GET	/blog/a2c9c60f-73f6-4fe0-8ae5-50d2200d20f5	http://localhost:5173
03042025	17:40:19	f455882c-b993-4e56-ae54-0fbd16d7421c	GET	/blog/a2c9c60f-73f6-4fe0-8ae5-50d2200d20f5	http://localhost:5173
03042025	17:40:21	569c7dae-d295-4fc7-8e11-0ef6d8d5843d	GET	/blog/a2c9c60f-73f6-4fe0-8ae5-50d2200d20f5	http://localhost:5173
03042025	17:40:21	0b289bdc-86ee-46f5-8bab-04d2302536af	GET	/blog/a2c9c60f-73f6-4fe0-8ae5-50d2200d20f5	http://localhost:5173
03042025	17:40:37	c3157d21-e253-4069-8ca8-72f364d8f2e9	OPTIONS	/blog/a2c9c60f-73f6-4fe0-8ae5-50d2200d20f5	http://localhost:5173
03042025	17:40:37	432714ce-a329-490b-81ce-3b653fafa5fb	OPTIONS	/blog/a2c9c60f-73f6-4fe0-8ae5-50d2200d20f5	http://localhost:5173
03042025	17:40:37	28d0a802-a93f-4f8b-a73e-ee575f994688	GET	/blog/a2c9c60f-73f6-4fe0-8ae5-50d2200d20f5	http://localhost:5173
03042025	17:40:37	6d1ac2bc-a1b0-4c73-8b02-8626700cc9c9	GET	/blog/a2c9c60f-73f6-4fe0-8ae5-50d2200d20f5	http://localhost:5173
03042025	17:41:12	101ac405-000f-4e07-a8d1-cfb5e7a64291	OPTIONS	/blog/post/5b8e06fd-2aaa-4433-90de-ab344ae615b6	http://localhost:5173
03042025	17:41:12	7c53dcbc-1f01-4c05-b676-7301a137682b	PATCH	/blog/post/5b8e06fd-2aaa-4433-90de-ab344ae615b6	http://localhost:5173
03042025	17:41:18	6231ff76-a5a9-47c0-bf4a-9fd54978e326	OPTIONS	/blog/a2c9c60f-73f6-4fe0-8ae5-50d2200d20f5	http://localhost:5173
03042025	17:41:18	2236f941-11aa-42db-b40a-7f11190c3f01	OPTIONS	/blog/a2c9c60f-73f6-4fe0-8ae5-50d2200d20f5	http://localhost:5173
03042025	17:41:18	922b9c54-632e-493b-b46f-8c67346b5903	GET	/blog/a2c9c60f-73f6-4fe0-8ae5-50d2200d20f5	http://localhost:5173
03042025	17:41:18	b67f06ad-8c1f-4a61-bb20-5e111b14e69a	GET	/blog/a2c9c60f-73f6-4fe0-8ae5-50d2200d20f5	http://localhost:5173
03042025	17:41:37	f07d813a-0962-4a3a-af69-bf919b5ee5b0	OPTIONS	/blog/a2c9c60f-73f6-4fe0-8ae5-50d2200d20f5	http://localhost:5173
03042025	17:41:37	d8b33110-ac09-4a44-b677-57601ffaf2aa	OPTIONS	/blog/a2c9c60f-73f6-4fe0-8ae5-50d2200d20f5	http://localhost:5173
03042025	17:41:37	00f74744-b3f5-45c0-991e-5f2328f99a52	GET	/blog/a2c9c60f-73f6-4fe0-8ae5-50d2200d20f5	http://localhost:5173
03042025	17:41:37	cc3eb3a6-6ecc-465f-9542-3a23c3171c8f	GET	/blog/a2c9c60f-73f6-4fe0-8ae5-50d2200d20f5	http://localhost:5173
03042025	17:42:11	8fe5d4c9-fd8d-4ee5-b8d0-ddf8143c8813	OPTIONS	/blog/a2c9c60f-73f6-4fe0-8ae5-50d2200d20f5	http://localhost:5173
03042025	17:42:11	6536226f-31e1-4368-96be-b406a2f9e68e	OPTIONS	/blog/a2c9c60f-73f6-4fe0-8ae5-50d2200d20f5	http://localhost:5173
03042025	17:42:11	82293996-b288-4b9a-8346-290c08db1c3f	GET	/blog/a2c9c60f-73f6-4fe0-8ae5-50d2200d20f5	http://localhost:5173
03042025	17:42:11	aca55185-97a6-4acd-9bca-69bbf0ad7222	GET	/blog/a2c9c60f-73f6-4fe0-8ae5-50d2200d20f5	http://localhost:5173
03042025	17:42:16	f6ff2747-f81f-488b-893b-9ede8fa3544c	OPTIONS	/blog/post	http://localhost:5173
03042025	17:42:16	a4f28671-9a72-4f4b-8159-6a00ae5f1bee	POST	/blog/post	http://localhost:5173
03042025	17:42:30	be736f31-a0d4-443e-a54e-9c486c13689e	OPTIONS	/blog/a2c9c60f-73f6-4fe0-8ae5-50d2200d20f5	http://localhost:5173
03042025	17:42:30	daf2bec9-0d07-4384-8581-324327f478a7	OPTIONS	/blog/a2c9c60f-73f6-4fe0-8ae5-50d2200d20f5	http://localhost:5173
03042025	17:42:30	4fd73dc6-566e-4428-8d78-3381af5d2b7c	GET	/blog/a2c9c60f-73f6-4fe0-8ae5-50d2200d20f5	http://localhost:5173
03042025	17:42:30	bb53dc41-e1aa-48fb-bcd5-4b8f4231e893	GET	/blog/a2c9c60f-73f6-4fe0-8ae5-50d2200d20f5	http://localhost:5173
03042025	17:42:33	7dcaeb43-666e-4236-ab02-722b4c824cd9	OPTIONS	/blog/post/099ea2f1-a1e4-424a-bd6d-d1cc7c9ffd74	http://localhost:5173
03042025	17:42:33	21d05815-4754-4de3-909e-6d7491945b2d	DELETE	/blog/post/099ea2f1-a1e4-424a-bd6d-d1cc7c9ffd74	http://localhost:5173
09042025	09:40:43	2d134de0-ef03-478f-abc4-39fb08828e6a	OPTIONS	/auth	http://localhost:5173
09042025	09:40:43	562d4116-29c4-433e-a34c-e7e41db4533f	POST	/auth	http://localhost:5173
09042025	09:40:43	5ff89bea-58b7-41e7-b26f-773fc8b3e57d	OPTIONS	/blog/a2c9c60f-73f6-4fe0-8ae5-50d2200d20f5	http://localhost:5173
09042025	09:40:43	1702e643-af78-47ea-8c7a-a89361b4792a	GET	/blog/a2c9c60f-73f6-4fe0-8ae5-50d2200d20f5	http://localhost:5173
09042025	09:40:43	42382bd5-de26-43a3-b430-50a8fb733c80	GET	/blog/a2c9c60f-73f6-4fe0-8ae5-50d2200d20f5	http://localhost:5173
09042025	09:40:50	ec821606-5b8a-4450-8837-7af15ea74495	OPTIONS	/blog/post	http://localhost:5173
09042025	09:40:50	1c2a2969-2b95-405a-b2b0-d10c3d9a0eca	POST	/blog/post	http://localhost:5173
09042025	09:42:05	f6cf4bd2-e843-4d4d-b80b-95efa15b18cd	OPTIONS	/blog/post/01907265-c2c3-4347-8e36-c7d75677a9db	http://localhost:5173
09042025	09:42:05	54afd29c-4787-4436-b8f2-eea05330f04f	PATCH	/blog/post/01907265-c2c3-4347-8e36-c7d75677a9db	http://localhost:5173
09042025	09:42:07	bfe098a5-118a-42c1-94ba-2df27871bff5	OPTIONS	/blog/a2c9c60f-73f6-4fe0-8ae5-50d2200d20f5	http://localhost:5173
09042025	09:42:07	0577fbdb-053c-4245-ad5b-c1b2eaaad644	OPTIONS	/blog/a2c9c60f-73f6-4fe0-8ae5-50d2200d20f5	http://localhost:5173
09042025	09:42:07	e01bd0dd-f7a6-4473-ba8d-dca8ff66159d	GET	/blog/a2c9c60f-73f6-4fe0-8ae5-50d2200d20f5	http://localhost:5173
09042025	09:42:07	4df80415-93bf-4489-88e6-cc5f144635a3	GET	/blog/a2c9c60f-73f6-4fe0-8ae5-50d2200d20f5	http://localhost:5173
09042025	09:42:30	05fc5ca5-3899-41fb-86f2-689a0efe8ff6	OPTIONS	/blog/post/01907265-c2c3-4347-8e36-c7d75677a9db	http://localhost:5173
09042025	09:42:30	abc0bf03-86b4-4a90-be12-0f0f4c2b6a57	PATCH	/blog/post/01907265-c2c3-4347-8e36-c7d75677a9db	http://localhost:5173
09042025	09:42:32	c8feab7f-0641-4b71-8bbb-bc8b3140b16c	OPTIONS	/blog/a2c9c60f-73f6-4fe0-8ae5-50d2200d20f5	http://localhost:5173
09042025	09:42:32	7dc0df2f-7227-4dfa-a913-27cdbb534cf4	OPTIONS	/blog/a2c9c60f-73f6-4fe0-8ae5-50d2200d20f5	http://localhost:5173
09042025	09:42:32	56c4e595-5b24-46f5-8790-edde943cd164	GET	/blog/a2c9c60f-73f6-4fe0-8ae5-50d2200d20f5	http://localhost:5173
09042025	09:42:32	7f60268c-7ae8-4e85-889b-f0c4d54a8db1	GET	/blog/a2c9c60f-73f6-4fe0-8ae5-50d2200d20f5	http://localhost:5173
09042025	09:42:35	c783bf4c-8f43-4d2b-831c-75ed49e4c6ad	GET	/blog/a2c9c60f-73f6-4fe0-8ae5-50d2200d20f5	http://localhost:5173
09042025	09:42:35	91fc9716-c9b3-4c5f-8e6d-66e160659696	GET	/blog/a2c9c60f-73f6-4fe0-8ae5-50d2200d20f5	http://localhost:5173
09042025	09:42:40	1e96b80d-23af-44a9-9edd-99e41144e9ad	OPTIONS	/blog/a2c9c60f-73f6-4fe0-8ae5-50d2200d20f5	http://localhost:5173
09042025	09:42:40	64116e15-fd2d-49b5-82dd-9c2dc146fdd7	OPTIONS	/blog/a2c9c60f-73f6-4fe0-8ae5-50d2200d20f5	http://localhost:5173
09042025	09:42:40	c14fa342-a736-4f55-9213-930f4a61efad	GET	/blog/a2c9c60f-73f6-4fe0-8ae5-50d2200d20f5	http://localhost:5173
09042025	09:42:40	09e05a57-0eb2-4b22-81b6-65fe96688833	GET	/blog/a2c9c60f-73f6-4fe0-8ae5-50d2200d20f5	http://localhost:5173
09042025	09:43:05	9d0c1172-edcc-4961-b048-7e6ae942eb85	OPTIONS	/auth	http://localhost:5173
09042025	09:43:05	6bbc12df-70b1-4032-8b51-9fa363c07850	POST	/auth	http://localhost:5173
09042025	09:43:05	d3a0e2d9-896b-4acf-a5a7-c82cd5c612cc	OPTIONS	/blog/a2c9c60f-73f6-4fe0-8ae5-50d2200d20f5	http://localhost:5173
09042025	09:43:05	be15ad62-7326-40e6-a7ba-b68386eb5f58	OPTIONS	/blog/a2c9c60f-73f6-4fe0-8ae5-50d2200d20f5	http://localhost:5173
09042025	09:43:05	1d8aa8fb-73c7-4f03-a2f0-824bcd488f1b	GET	/blog/a2c9c60f-73f6-4fe0-8ae5-50d2200d20f5	http://localhost:5173
09042025	09:43:05	a199da89-8b05-4e7c-9a5f-32833fabc9d7	GET	/blog/a2c9c60f-73f6-4fe0-8ae5-50d2200d20f5	http://localhost:5173
09042025	10:01:05	072a651d-7f55-4806-b6b8-bd9b893fb69c	OPTIONS	/blog/a2c9c60f-73f6-4fe0-8ae5-50d2200d20f5	http://localhost:5173
09042025	10:01:05	66f97514-79ff-46c4-953d-72adcc99426e	OPTIONS	/blog/a2c9c60f-73f6-4fe0-8ae5-50d2200d20f5	http://localhost:5173
09042025	10:01:05	282436f9-11c7-4c76-808a-17fd8c619368	GET	/blog/a2c9c60f-73f6-4fe0-8ae5-50d2200d20f5	http://localhost:5173
09042025	10:01:05	9fc85279-9c86-4d0c-b29c-57638d5f82cb	GET	/blog/a2c9c60f-73f6-4fe0-8ae5-50d2200d20f5	http://localhost:5173
09042025	10:01:09	9613f80f-9156-48b1-87be-7f94bb74c383	GET	/blog/a2c9c60f-73f6-4fe0-8ae5-50d2200d20f5	http://localhost:5173
09042025	10:01:09	5756d894-46fb-4e38-aa78-67ee199c8344	GET	/blog/a2c9c60f-73f6-4fe0-8ae5-50d2200d20f5	http://localhost:5173
09042025	10:01:12	28769cf9-f52f-4741-bc1c-d92776b66490	OPTIONS	/blog/a2c9c60f-73f6-4fe0-8ae5-50d2200d20f5	http://localhost:5173
09042025	10:01:12	33e1f688-5fb6-442a-86e4-80d443faee3b	OPTIONS	/blog/a2c9c60f-73f6-4fe0-8ae5-50d2200d20f5	http://localhost:5173
09042025	10:01:12	4cc338ae-f2c7-4a48-9ad6-e9a3a0fbc1f1	GET	/blog/a2c9c60f-73f6-4fe0-8ae5-50d2200d20f5	http://localhost:5173
09042025	10:01:12	e7e7e09b-7cf8-424d-b260-1a05b4ac0ee5	GET	/blog/a2c9c60f-73f6-4fe0-8ae5-50d2200d20f5	http://localhost:5173
16042025	18:05:57	b0820bb4-38ff-4284-9ce6-508c14be7b2e	OPTIONS	/auth	http://localhost:5173
16042025	18:05:57	5541010a-6f4a-45a7-b23d-55efd6a64938	POST	/auth	http://localhost:5173
16042025	20:37:12	e7605778-08de-4d46-9150-cf1be2342ffc	OPTIONS	/auth	http://localhost:5173
16042025	20:37:12	72539eff-6979-4032-b2cc-cb31a19d8733	POST	/auth	http://localhost:5173
16042025	20:37:34	02263ce8-d448-4c87-9c8b-58097864b299	OPTIONS	/auth	http://localhost:5173
16042025	20:37:34	c24dc988-599b-435b-a070-79534b69afe7	POST	/auth	http://localhost:5173
16042025	20:38:00	aeb170a1-7b05-4661-8461-285d6cc31898	OPTIONS	/auth	http://localhost:5173
16042025	20:38:00	d0ffcef0-0c31-4ffe-b62b-0e700e30616e	POST	/auth	http://localhost:5173
16042025	20:38:01	d40bead3-db8b-489a-bcca-125fea057a2f	GET	/blog/a2c9c60f-73f6-4fe0-8ae5-50d2200d20f5	http://localhost:5173
16042025	20:38:24	7b1691a5-34d8-43ca-bee4-b7f6443559ed	GET	/blog/a2c9c60f-73f6-4fe0-8ae5-50d2200d20f5	http://localhost:5173
16042025	20:38:29	c9088c98-e13a-4654-b1a3-e65eb54a9b75	GET	/blog/a2c9c60f-73f6-4fe0-8ae5-50d2200d20f5	http://localhost:5173
16042025	20:39:51	d7ab191f-658d-4f07-87e2-4bb55ea45067	GET	/blog/a2c9c60f-73f6-4fe0-8ae5-50d2200d20f5	http://localhost:5173
16042025	20:39:53	76d57051-d043-4fc4-9c39-4b1ecd3173b3	GET	/blog/a2c9c60f-73f6-4fe0-8ae5-50d2200d20f5	http://localhost:5173
16042025	20:39:54	d096cc36-d5b0-4b6e-bfe9-a4b4728f5a6b	GET	/blog/a2c9c60f-73f6-4fe0-8ae5-50d2200d20f5	http://localhost:5173
16042025	20:40:02	901b9f99-193f-4cb4-b6e2-feeee84c931e	GET	/blog/a2c9c60f-73f6-4fe0-8ae5-50d2200d20f5	http://localhost:5173
16042025	20:40:11	b44b11a2-bf95-4e7f-b036-2933074563c7	GET	/blog/a2c9c60f-73f6-4fe0-8ae5-50d2200d20f5	http://localhost:5173
16042025	20:40:55	cf26baa4-c21e-42b8-a772-72910507c676	GET	/blog/a2c9c60f-73f6-4fe0-8ae5-50d2200d20f5	http://localhost:5173
16042025	20:41:05	d984d578-e7d4-4179-a3e1-1b5b226b16c1	GET	/blog/a2c9c60f-73f6-4fe0-8ae5-50d2200d20f5	http://localhost:5173
16042025	20:41:19	1e65a8cc-0905-4321-8bf9-ddfea3d5a31d	GET	/blog/a2c9c60f-73f6-4fe0-8ae5-50d2200d20f5	http://localhost:5173
16042025	20:41:45	60a6079f-a797-4d05-8bbc-9ed87c858337	GET	/blog/a2c9c60f-73f6-4fe0-8ae5-50d2200d20f5	http://localhost:5173
16042025	20:42:26	c17c0693-c717-41ef-b642-72db1cc8b927	GET	/blog/a2c9c60f-73f6-4fe0-8ae5-50d2200d20f5	http://localhost:5173
16042025	20:42:52	f5547ba3-85d6-4ce7-8a7f-07090bcd722f	GET	/blog/a2c9c60f-73f6-4fe0-8ae5-50d2200d20f5	http://localhost:5173
16042025	20:42:57	c3244271-1237-4d83-a849-fe6235b1f01b	GET	/blog/a2c9c60f-73f6-4fe0-8ae5-50d2200d20f5	http://localhost:5173
16042025	20:42:59	d9212a29-bcf9-4575-9071-02632130379d	GET	/blog/a2c9c60f-73f6-4fe0-8ae5-50d2200d20f5	http://localhost:5173
16042025	20:43:00	900a532e-2426-45c6-b0a1-9d0b7e5d8710	GET	/blog/a2c9c60f-73f6-4fe0-8ae5-50d2200d20f5	http://localhost:5173
16042025	22:49:09	cbede6cc-02af-445e-9fa6-36761f3ea088	OPTIONS	/auth	http://localhost:5173
16042025	22:49:09	c8779502-29da-43cf-a68a-53d0bc046ad1	POST	/auth	http://localhost:5173
16042025	22:49:09	b510ad0e-03c9-4c55-8d76-eb77e8bda3d3	GET	/blog/a2c9c60f-73f6-4fe0-8ae5-50d2200d20f5	http://localhost:5173
16042025	23:31:05	f48c774a-6cf0-4e40-9af0-8dbd1d393c33	OPTIONS	/auth	http://localhost:5173
16042025	23:31:05	f16bef52-b543-463d-82ad-d93d0ec2b0de	POST	/auth	http://localhost:5173
16042025	23:33:31	837089d0-62e7-4b88-a541-1354872c3f13	OPTIONS	/auth	http://localhost:5173
16042025	23:33:31	277a43c4-f3b9-41f4-814a-c5ccfc6eee5d	POST	/auth	http://localhost:5173
16042025	23:36:21	41d37eaf-1a1b-40dd-8579-8b2b61a75fd4	OPTIONS	/auth	http://localhost:5173
16042025	23:36:21	204dca7f-0321-4c18-bb2b-9420bed7c2e9	POST	/auth	http://localhost:5173
16042025	23:37:33	6cd917d8-6210-4fef-9aec-4a40dfd71154	OPTIONS	/auth	http://localhost:5173
16042025	23:37:33	45ce9db7-cbaa-43fb-b445-86c663fe1fc1	POST	/auth	http://localhost:5173
16042025	23:44:19	e2699b74-0844-4e4b-b62d-23e2837a00d0	OPTIONS	/auth	http://localhost:5173
16042025	23:44:19	f100c310-2f39-4807-a943-0076aa782df2	POST	/auth	http://localhost:5173
16042025	23:44:19	17984f36-9e6c-40af-b8e9-903c15291481	OPTIONS	/blog/a2c9c60f-73f6-4fe0-8ae5-50d2200d20f5	http://localhost:5173
16042025	23:44:19	f8fa2ab8-8eb0-4123-8046-3ffab8bc8f5e	GET	/blog/a2c9c60f-73f6-4fe0-8ae5-50d2200d20f5	http://localhost:5173
16042025	23:47:07	e0f1af31-0b2f-44d9-982c-05c79749688f	OPTIONS	/auth	http://localhost:5173
16042025	23:47:07	481bce6d-4546-4587-82b1-5de95f5731c7	POST	/auth	http://localhost:5173
16042025	23:47:08	0028cfe8-b466-4f2b-9201-1e06cc16c620	OPTIONS	/blog/a2c9c60f-73f6-4fe0-8ae5-50d2200d20f5	http://localhost:5173
16042025	23:47:08	29be4c74-3de9-41c8-a1eb-38a6dcc9f87f	GET	/blog/a2c9c60f-73f6-4fe0-8ae5-50d2200d20f5	http://localhost:5173
16042025	23:51:04	0b3034e8-c365-438f-864b-733b8200a968	OPTIONS	/auth	http://localhost:5173
16042025	23:51:04	dc746098-8e80-4057-8824-2c19513cc0f4	POST	/auth	http://localhost:5173
16042025	23:51:04	068cbfd8-34a2-4fea-a300-822358266fa1	OPTIONS	/blog/a2c9c60f-73f6-4fe0-8ae5-50d2200d20f5	http://localhost:5173
16042025	23:51:04	c5aeb7ef-d3c4-405c-8da0-347255620446	GET	/blog/a2c9c60f-73f6-4fe0-8ae5-50d2200d20f5	http://localhost:5173
16042025	23:55:15	57c05002-5141-4d3b-b30a-9eec56de2f34	OPTIONS	/auth	http://localhost:5173
16042025	23:55:15	790dd89b-59ae-431d-bcd3-5640e5ee08a3	POST	/auth	http://localhost:5173
16042025	23:55:16	dc63b779-9403-4b38-a009-938e9ce4082d	OPTIONS	/blog/a2c9c60f-73f6-4fe0-8ae5-50d2200d20f5	http://localhost:5173
16042025	23:55:16	90711d89-9434-472c-936c-e0bcf3ec35a8	GET	/blog/a2c9c60f-73f6-4fe0-8ae5-50d2200d20f5	http://localhost:5173
16042025	23:58:44	400979d0-e174-4dc3-b7c5-8e1332330497	OPTIONS	/blog/a2c9c60f-73f6-4fe0-8ae5-50d2200d20f5	http://localhost:5173
16042025	23:58:44	ff1dd2db-f768-475d-a9db-7e3d50980d21	GET	/blog/a2c9c60f-73f6-4fe0-8ae5-50d2200d20f5	http://localhost:5173
17042025	00:00:28	8b722c0b-3126-45f7-b2db-b59ab88bcc67	OPTIONS	/blog/a2c9c60f-73f6-4fe0-8ae5-50d2200d20f5	http://localhost:5173
17042025	00:00:28	7af78fc7-d20f-41b3-9ca9-0ce2eda5cd4a	GET	/blog/a2c9c60f-73f6-4fe0-8ae5-50d2200d20f5	http://localhost:5173
17042025	00:06:02	c452ea3c-a856-4339-afe6-d63d3d9ddfd3	OPTIONS	/blog/a2c9c60f-73f6-4fe0-8ae5-50d2200d20f5	http://localhost:5173
17042025	00:06:02	a4bd71b7-60d7-4cf8-b071-30915db0f11d	GET	/blog/a2c9c60f-73f6-4fe0-8ae5-50d2200d20f5	http://localhost:5173
17042025	00:06:12	b6dccf34-03d7-4d60-b95c-1df582beff6c	OPTIONS	/blog/a2c9c60f-73f6-4fe0-8ae5-50d2200d20f5	http://localhost:5173
17042025	00:06:12	907212e4-b0c3-4004-b50b-f854e742785a	GET	/blog/a2c9c60f-73f6-4fe0-8ae5-50d2200d20f5	http://localhost:5173
17042025	00:06:18	f6a8e72e-bdb5-44f7-ab79-6d06ccf58c68	OPTIONS	/blog/a2c9c60f-73f6-4fe0-8ae5-50d2200d20f5	http://localhost:5173
17042025	00:06:18	7564318b-981b-4a55-963e-887219203cf8	GET	/blog/a2c9c60f-73f6-4fe0-8ae5-50d2200d20f5	http://localhost:5173
17042025	00:07:22	e53b1d5d-a969-4e3e-9540-f65052c2a354	OPTIONS	/blog/a2c9c60f-73f6-4fe0-8ae5-50d2200d20f5	http://localhost:5173
17042025	00:07:22	8617ad32-3373-44a4-858b-38069f019640	GET	/blog/a2c9c60f-73f6-4fe0-8ae5-50d2200d20f5	http://localhost:5173
17042025	00:11:22	fec78511-850e-49f3-8b9f-24886d5680c2	OPTIONS	/blog/a2c9c60f-73f6-4fe0-8ae5-50d2200d20f5	http://localhost:5173
17042025	00:11:22	eae794b0-6a3f-496d-9a0f-7ce83e8ee751	GET	/blog/a2c9c60f-73f6-4fe0-8ae5-50d2200d20f5	http://localhost:5173
17042025	00:11:23	082c37cf-986b-48e1-b03f-c90db2539b59	GET	/blog/a2c9c60f-73f6-4fe0-8ae5-50d2200d20f5	http://localhost:5173
17042025	00:11:33	efc20b8e-15d3-4009-b8cd-9f4586e196f0	OPTIONS	/blog/a2c9c60f-73f6-4fe0-8ae5-50d2200d20f5	http://localhost:5173
17042025	00:11:33	b9456c0c-e7b8-4d90-ae32-782b73f1958e	GET	/blog/a2c9c60f-73f6-4fe0-8ae5-50d2200d20f5	http://localhost:5173
17042025	00:12:15	f2b8791d-975c-49b4-bc30-e2545c87fadb	OPTIONS	/blog/a2c9c60f-73f6-4fe0-8ae5-50d2200d20f5	http://localhost:5173
17042025	00:12:15	9f031c19-98c8-44c9-851d-0f0afa3d05d7	GET	/blog/a2c9c60f-73f6-4fe0-8ae5-50d2200d20f5	http://localhost:5173
17042025	00:13:51	66f18e49-86a0-4111-9f7d-5634b3294c93	OPTIONS	/blog/a2c9c60f-73f6-4fe0-8ae5-50d2200d20f5	http://localhost:5173
17042025	00:13:51	34c542d2-2eb7-4f00-82b0-7c66bb81bc26	GET	/blog/a2c9c60f-73f6-4fe0-8ae5-50d2200d20f5	http://localhost:5173
17042025	00:18:58	329743ee-d2ee-460a-86a4-5f4f06f92bbf	OPTIONS	/auth	http://localhost:5173
17042025	00:18:58	9d7428c3-ad96-42c2-b2a7-ab2b9eede0f7	POST	/auth	http://localhost:5173
17042025	00:18:58	8e9dca26-7f66-4e47-a7c2-3bd1cdb27b68	OPTIONS	/blog/a2c9c60f-73f6-4fe0-8ae5-50d2200d20f5	http://localhost:5173
17042025	00:18:58	1eb11214-a582-4571-9f3a-05e8ed541ab1	GET	/blog/a2c9c60f-73f6-4fe0-8ae5-50d2200d20f5	http://localhost:5173
17042025	00:20:30	e2aaa80c-6d24-4d5c-9679-5c4c70f9f726	OPTIONS	/blog/post/undefined	http://localhost:5173
17042025	00:20:30	f6f5629b-e549-40be-8a30-596651a60744	PUT	/blog/post/undefined	http://localhost:5173
17042025	00:30:08	a989d765-e77e-4bd1-ba12-39e3390efdcc	OPTIONS	/blog/a2c9c60f-73f6-4fe0-8ae5-50d2200d20f5	http://localhost:5173
17042025	00:30:08	53f17f4b-b257-4568-8fa2-050d1acd3745	GET	/blog/a2c9c60f-73f6-4fe0-8ae5-50d2200d20f5	http://localhost:5173
17042025	00:30:45	7f0b5b42-94eb-4964-82e7-123ab48c710e	OPTIONS	/blog/post/undefined	http://localhost:5173
17042025	00:30:45	4d759ef0-4f80-4423-b3ba-4d5d116fce10	PUT	/blog/post/undefined	http://localhost:5173
17042025	00:36:40	f220db4d-f53d-4c80-bd13-9e4bcca7277d	OPTIONS	/blog/a2c9c60f-73f6-4fe0-8ae5-50d2200d20f5	http://localhost:5173
17042025	00:36:40	174f59b7-0c0f-4625-ba5e-726aaa30fb10	GET	/blog/a2c9c60f-73f6-4fe0-8ae5-50d2200d20f5	http://localhost:5173
17042025	00:36:44	35a33204-32ad-4f14-9a8c-50f957333f31	GET	/blog/a2c9c60f-73f6-4fe0-8ae5-50d2200d20f5	http://localhost:5173
17042025	00:39:35	6db573ac-0e5e-43f9-8807-286bd5814583	OPTIONS	/auth	http://localhost:5173
17042025	00:39:35	e8584ce2-246e-4ea3-a2bf-fa69ecd9c55d	POST	/auth	http://localhost:5173
17042025	00:39:36	5ba841de-eba1-4722-ae7a-96df1ab15a48	OPTIONS	/blog/a2c9c60f-73f6-4fe0-8ae5-50d2200d20f5	http://localhost:5173
17042025	00:39:36	a06e179c-0172-4b60-9408-b2066d59114f	GET	/blog/a2c9c60f-73f6-4fe0-8ae5-50d2200d20f5	http://localhost:5173
17042025	00:39:39	7ec1270a-6b30-42ad-8b7d-201a4735ea7d	OPTIONS	/blog/post	http://localhost:5173
17042025	00:39:39	06977ab6-8f55-4f95-a489-7cec2bb7d649	POST	/blog/post	http://localhost:5173
17042025	00:40:27	ec6255f8-3731-46b1-a30f-ed73265ea27b	OPTIONS	/blog/a2c9c60f-73f6-4fe0-8ae5-50d2200d20f5	http://localhost:5173
17042025	00:40:27	b2a6569d-0965-405f-89d3-d12ba6576b78	GET	/blog/a2c9c60f-73f6-4fe0-8ae5-50d2200d20f5	http://localhost:5173
17042025	00:40:40	192829a1-dabc-4eec-9014-c5d80e5c1651	OPTIONS	/blog/post	http://localhost:5173
17042025	00:40:40	46445a22-ab3b-489e-b552-77a1079a4a4c	POST	/blog/post	http://localhost:5173
17042025	00:43:01	204bc9c2-2671-47e7-bdd8-dbbe3861cfdb	OPTIONS	/blog/a2c9c60f-73f6-4fe0-8ae5-50d2200d20f5	http://localhost:5173
17042025	00:43:01	750d4700-ae34-4a70-baf8-67bcc34a77b8	GET	/blog/a2c9c60f-73f6-4fe0-8ae5-50d2200d20f5	http://localhost:5173
17042025	00:44:34	2f4361eb-1fa6-4c3d-8180-cd29511cd7c2	OPTIONS	/blog/a2c9c60f-73f6-4fe0-8ae5-50d2200d20f5	http://localhost:5173
17042025	00:44:34	0b1dacae-93d2-406a-b404-e6863dccd745	GET	/blog/a2c9c60f-73f6-4fe0-8ae5-50d2200d20f5	http://localhost:5173
17042025	00:44:39	9ddaf84f-9385-440f-9b96-ac168ef7bb09	OPTIONS	/blog/a2c9c60f-73f6-4fe0-8ae5-50d2200d20f5	http://localhost:5173
17042025	00:44:39	890e6e4e-a95c-4831-9871-e38615a548ca	GET	/blog/a2c9c60f-73f6-4fe0-8ae5-50d2200d20f5	http://localhost:5173
17042025	00:54:36	a965f504-079b-49ff-ae77-a45ba7491fcf	OPTIONS	/blog/post	http://localhost:5173
17042025	00:54:36	d0a9b8f6-5500-41c3-8a6c-1bed9efbe791	POST	/blog/post	http://localhost:5173
17042025	00:54:43	f01ed310-d6d3-4bb8-93d5-bdc339ea56b0	OPTIONS	/blog/post	http://localhost:5173
17042025	00:54:43	35637221-eb3c-4ba7-8622-f4176f6c3b40	POST	/blog/post	http://localhost:5173
17042025	00:55:04	7931fb41-2540-4a03-92f0-23490a1c68c5	OPTIONS	/blog/post/b60659aa-63d3-442c-834c-a00ce4ffe9ee	http://localhost:5173
17042025	00:55:04	4d10cdf9-7681-411b-861d-840afe8ae95a	DELETE	/blog/post/b60659aa-63d3-442c-834c-a00ce4ffe9ee	http://localhost:5173
17042025	00:55:31	b17707a1-5d39-4a5e-9364-cdd2bb706a37	OPTIONS	/auth	http://localhost:5173
17042025	00:55:31	791bec83-7449-4ef3-8fbe-2aabdb88c69f	POST	/auth	http://localhost:5173
17042025	00:55:36	dfcb2a73-28eb-418f-a6e8-342ce1f3434e	OPTIONS	/blog/post	http://localhost:5173
17042025	00:55:36	e8fd089c-2f57-43ee-bd1a-e6a8652d5c44	POST	/blog/post	http://localhost:5173
17042025	01:00:07	c433b2e4-8916-47e2-8f2e-34508e2723aa	OPTIONS	/blog/a2c9c60f-73f6-4fe0-8ae5-50d2200d20f5	http://localhost:5173
17042025	01:00:07	1fb604dc-4889-401b-bdf5-1fdafd9fe769	GET	/blog/a2c9c60f-73f6-4fe0-8ae5-50d2200d20f5	http://localhost:5173
17042025	01:00:15	612f4f76-b747-45a3-b2e8-7b7c73d7a1d9	OPTIONS	/blog/a2c9c60f-73f6-4fe0-8ae5-50d2200d20f5	http://localhost:5173
17042025	01:00:15	6dc905c6-482f-4c04-8f47-9340a452285d	GET	/blog/a2c9c60f-73f6-4fe0-8ae5-50d2200d20f5	http://localhost:5173
17042025	01:00:38	1970864a-7ab2-469c-809e-e16f5e68d2a3	OPTIONS	/blog/post	http://localhost:5173
17042025	01:00:38	d63f8b82-4fd4-4bcb-b751-0bf11dbcdf43	POST	/blog/post	http://localhost:5173
17042025	01:00:39	fc64bbda-0224-47dc-8f20-f4664ff3243d	OPTIONS	/blog/a2c9c60f-73f6-4fe0-8ae5-50d2200d20f5	http://localhost:5173
17042025	01:00:39	00b73a2d-9902-4125-a337-62d642aee99e	GET	/blog/a2c9c60f-73f6-4fe0-8ae5-50d2200d20f5	http://localhost:5173
17042025	01:00:43	670e7b19-3a00-4671-836e-c75d2c1cb57b	OPTIONS	/blog/post/5de9c0be-fe29-4df4-810c-1573adbbd67a	http://localhost:5173
17042025	01:00:43	f4b4bd08-e7e2-47db-8d96-f2cdfc6f3308	DELETE	/blog/post/5de9c0be-fe29-4df4-810c-1573adbbd67a	http://localhost:5173
17042025	01:00:43	bee8df2c-bfb5-4b35-bda9-57292ad9a461	GET	/blog/a2c9c60f-73f6-4fe0-8ae5-50d2200d20f5	http://localhost:5173
17042025	01:00:46	6b064664-edd6-44c7-8903-52a7c1c0f2a0	OPTIONS	/blog/post/89297666-7c3b-47f4-a6ce-9030cef1f215	http://localhost:5173
17042025	01:00:46	2770186a-8c8b-479d-ae42-369c62bc123a	DELETE	/blog/post/89297666-7c3b-47f4-a6ce-9030cef1f215	http://localhost:5173
17042025	01:00:46	5ea85cea-921c-410f-89fa-a72326e03d81	OPTIONS	/blog/a2c9c60f-73f6-4fe0-8ae5-50d2200d20f5	http://localhost:5173
17042025	01:00:46	75302944-f30e-4067-ba17-8559a4e0b605	GET	/blog/a2c9c60f-73f6-4fe0-8ae5-50d2200d20f5	http://localhost:5173
17042025	01:00:48	482a1d10-1777-4f84-bcee-2cfa8f8d0690	OPTIONS	/blog/post/b60659aa-63d3-442c-834c-a00ce4ffe9ee	http://localhost:5173
17042025	01:00:48	67879c2f-ce43-4703-92ea-eb4fa4344631	DELETE	/blog/post/b60659aa-63d3-442c-834c-a00ce4ffe9ee	http://localhost:5173
17042025	01:00:48	442c16a3-342e-4990-bc1d-891b83762ba1	GET	/blog/a2c9c60f-73f6-4fe0-8ae5-50d2200d20f5	http://localhost:5173
17042025	01:00:52	cf93241e-ff10-46ef-baf9-3ffd6b48f7ab	OPTIONS	/blog/post/317fe545-6eed-42b2-916c-8ae0266d635a	http://localhost:5173
17042025	01:00:52	7e21020e-7dd9-4b8b-93a3-0893987b5552	DELETE	/blog/post/317fe545-6eed-42b2-916c-8ae0266d635a	http://localhost:5173
17042025	01:00:52	9b008483-7e0d-4861-a821-dd29fbe19dab	OPTIONS	/blog/a2c9c60f-73f6-4fe0-8ae5-50d2200d20f5	http://localhost:5173
17042025	01:00:52	dd459e90-5771-4725-848e-04110810d938	GET	/blog/a2c9c60f-73f6-4fe0-8ae5-50d2200d20f5	http://localhost:5173
17042025	01:01:20	7d290b0b-b90f-456a-9c3b-34c1d25de1e4	OPTIONS	/blog/a2c9c60f-73f6-4fe0-8ae5-50d2200d20f5	http://localhost:5173
17042025	01:01:20	88822c83-c6bf-4eee-8cca-0d46d5d891e3	GET	/blog/a2c9c60f-73f6-4fe0-8ae5-50d2200d20f5	http://localhost:5173
17042025	01:01:29	be76e5bf-f6b7-4f19-be4d-b5d2c373682d	OPTIONS	/blog/post	http://localhost:5173
17042025	01:01:29	38cb88e5-3e4f-4c69-bdca-2ce78a5f2e5a	POST	/blog/post	http://localhost:5173
17042025	01:02:07	8e98aedf-5c0e-4a94-9ed3-46949b91d6ec	OPTIONS	/blog/post/10f99c37-dbb8-4be7-8475-cf27637f0bd6	http://localhost:5173
17042025	01:02:07	5239e763-6992-4ad3-8fdf-d5b78f1445f5	PUT	/blog/post/10f99c37-dbb8-4be7-8475-cf27637f0bd6	http://localhost:5173
17042025	01:13:03	cffa3747-57e8-490c-bcc5-413994fe382c	OPTIONS	/blog/post/10f99c37-dbb8-4be7-8475-cf27637f0bd6	http://localhost:5173
17042025	01:13:03	b30fd170-2f78-4e2a-8903-462c64990911	PATCH	/blog/post/10f99c37-dbb8-4be7-8475-cf27637f0bd6	http://localhost:5173
17042025	01:13:25	f586829c-b758-4a07-b546-df1d2d5721f5	OPTIONS	/auth	http://localhost:5173
17042025	01:13:25	b9ca2f1d-3aa4-4829-b27a-35df184a17d2	POST	/auth	http://localhost:5173
17042025	01:13:26	46a57173-7b14-4874-b749-1fa7b58b4dba	OPTIONS	/blog/a2c9c60f-73f6-4fe0-8ae5-50d2200d20f5	http://localhost:5173
17042025	01:13:26	40bfee08-42b6-49d6-b274-231deb86d81c	GET	/blog/a2c9c60f-73f6-4fe0-8ae5-50d2200d20f5	http://localhost:5173
17042025	01:14:04	19b77302-6b72-48d0-ae50-e62d8caf7956	OPTIONS	/blog/post/10f99c37-dbb8-4be7-8475-cf27637f0bd6	http://localhost:5173
17042025	01:14:04	7c05f25d-7523-4cbe-ad91-fa7abcf6b4c6	PATCH	/blog/post/10f99c37-dbb8-4be7-8475-cf27637f0bd6	http://localhost:5173
17042025	01:14:08	4ed04b07-94b7-48eb-beec-fd613bf64d71	OPTIONS	/blog/a2c9c60f-73f6-4fe0-8ae5-50d2200d20f5	http://localhost:5173
17042025	01:14:08	dfcbd545-f24b-404e-af25-92e7dd2728b2	GET	/blog/a2c9c60f-73f6-4fe0-8ae5-50d2200d20f5	http://localhost:5173
17042025	01:14:11	4f6530bb-25c6-4fbb-859f-034903cea7ad	OPTIONS	/blog/post	http://localhost:5173
17042025	01:14:11	6b224c40-28fb-447d-9de0-542ddbf15f9e	POST	/blog/post	http://localhost:5173
17042025	01:14:12	86f3211b-784a-4326-9fc3-9cff98652d79	GET	/blog/a2c9c60f-73f6-4fe0-8ae5-50d2200d20f5	http://localhost:5173
17042025	01:14:15	3af09fc1-6c46-4c83-a10a-e4853857b833	POST	/blog/post	http://localhost:5173
17042025	01:14:16	00736b85-2c81-47e9-895a-fb47cc0dfb78	OPTIONS	/blog/a2c9c60f-73f6-4fe0-8ae5-50d2200d20f5	http://localhost:5173
17042025	01:14:16	6dcf3371-e2fa-470f-880c-e2aef9077015	GET	/blog/a2c9c60f-73f6-4fe0-8ae5-50d2200d20f5	http://localhost:5173
17042025	01:14:23	2c60d6a5-3265-492f-bb88-ae6fc077df88	OPTIONS	/blog/post	http://localhost:5173
17042025	01:14:23	e800e5fb-cda0-41ac-b993-81d6f6daacdf	POST	/blog/post	http://localhost:5173
17042025	01:14:24	adc4dc7a-02de-4ed5-9ef1-a4a47631da22	OPTIONS	/blog/a2c9c60f-73f6-4fe0-8ae5-50d2200d20f5	http://localhost:5173
17042025	01:14:24	1cba4ca4-7dd0-4c06-ab91-3dcbb50c8c44	GET	/blog/a2c9c60f-73f6-4fe0-8ae5-50d2200d20f5	http://localhost:5173
17042025	01:14:31	28f72323-2285-4209-9fa6-184ee3ac68ff	OPTIONS	/blog/post/09b993ea-8ec4-40cb-95cf-3d13284ce5fd	http://localhost:5173
17042025	01:14:31	f6f827a8-2e35-4093-95b3-57fe5f151e73	DELETE	/blog/post/09b993ea-8ec4-40cb-95cf-3d13284ce5fd	http://localhost:5173
17042025	01:14:31	9a991988-6578-4668-8f75-17acb2134881	OPTIONS	/blog/a2c9c60f-73f6-4fe0-8ae5-50d2200d20f5	http://localhost:5173
17042025	01:14:31	8fba4896-4eae-4c1a-b8e0-64db252a7be6	GET	/blog/a2c9c60f-73f6-4fe0-8ae5-50d2200d20f5	http://localhost:5173
17042025	01:14:37	1b899748-1aa8-4744-9b40-8749c1b159e1	OPTIONS	/blog/post/692c2726-9b99-4ae5-b273-fa4da688b9bf	http://localhost:5173
17042025	01:14:37	daf3d479-bd6a-4ab8-8f38-aafdb022dff9	DELETE	/blog/post/692c2726-9b99-4ae5-b273-fa4da688b9bf	http://localhost:5173
17042025	01:14:37	bd58db97-e18e-45a3-a5d1-c23beaba292f	OPTIONS	/blog/a2c9c60f-73f6-4fe0-8ae5-50d2200d20f5	http://localhost:5173
17042025	01:14:37	17671cda-23a8-4408-ab3d-585b2cbfec5b	GET	/blog/a2c9c60f-73f6-4fe0-8ae5-50d2200d20f5	http://localhost:5173
17042025	01:14:40	1c159904-7716-409c-ae01-101cc46e9063	OPTIONS	/blog/post	http://localhost:5173
17042025	01:14:40	fba1ff7f-afde-42a3-b739-648eb9ce837d	POST	/blog/post	http://localhost:5173
17042025	01:14:42	11d88e51-119c-49a4-9750-25ccc8fe08e5	GET	/blog/a2c9c60f-73f6-4fe0-8ae5-50d2200d20f5	http://localhost:5173
17042025	01:14:46	f4c03988-1cbc-46a8-8aa7-ec64b7078f29	OPTIONS	/blog/post	http://localhost:5173
17042025	01:14:46	6255da27-f718-4bce-a005-363a4b282d82	POST	/blog/post	http://localhost:5173
17042025	01:14:47	bc1a42c0-034e-4b56-a375-3bc525c80eb7	OPTIONS	/blog/a2c9c60f-73f6-4fe0-8ae5-50d2200d20f5	http://localhost:5173
17042025	01:14:47	544b34c0-c918-4ca4-abef-e8c0d6a2a828	GET	/blog/a2c9c60f-73f6-4fe0-8ae5-50d2200d20f5	http://localhost:5173
17042025	01:14:50	1025501a-fc9d-4f5e-b718-42be8bb7c80d	OPTIONS	/blog/post/7c5c619c-8023-410d-87c5-70e86b158ffd	http://localhost:5173
17042025	01:14:50	e7838e56-49b9-4182-a295-43f09a4ce50b	DELETE	/blog/post/7c5c619c-8023-410d-87c5-70e86b158ffd	http://localhost:5173
17042025	01:14:50	612f1e40-6fd4-42c4-a7ff-e4990de7788d	GET	/blog/a2c9c60f-73f6-4fe0-8ae5-50d2200d20f5	http://localhost:5173
17042025	01:14:54	8fc570d9-6176-41df-a229-a4a46baec2f1	OPTIONS	/blog/post	http://localhost:5173
17042025	01:14:54	4a7c4c81-c2ab-47b3-9795-c683d93333f1	POST	/blog/post	http://localhost:5173
17042025	01:14:55	9e7c3afb-b661-475d-b7d9-bd7de2ed6ba2	OPTIONS	/blog/a2c9c60f-73f6-4fe0-8ae5-50d2200d20f5	http://localhost:5173
17042025	01:14:55	aed5f876-e32f-4625-b3d7-6eeca0562e04	GET	/blog/a2c9c60f-73f6-4fe0-8ae5-50d2200d20f5	http://localhost:5173
17042025	01:14:57	163b6b3e-4c88-4713-a143-37f631919264	OPTIONS	/blog/post/91190378-498c-41a3-b32c-e5e4aea886dd	http://localhost:5173
17042025	01:14:57	b252cf06-fe06-4ad6-ad75-d6f0f11ede08	DELETE	/blog/post/91190378-498c-41a3-b32c-e5e4aea886dd	http://localhost:5173
17042025	01:14:57	4c5f7329-be1c-404e-a49e-853ed69f2bbb	GET	/blog/a2c9c60f-73f6-4fe0-8ae5-50d2200d20f5	http://localhost:5173
17042025	01:15:00	700231dc-4bf5-453c-b4ed-f8844c78b94d	OPTIONS	/blog/post	http://localhost:5173
17042025	01:15:00	c0761bcb-5748-4386-978f-80c3667f08d5	POST	/blog/post	http://localhost:5173
17042025	01:15:03	270c496e-2052-4b70-a689-28489bbf0e1e	OPTIONS	/blog/a2c9c60f-73f6-4fe0-8ae5-50d2200d20f5	http://localhost:5173
17042025	01:15:03	d30e07d6-cf93-485f-ab69-441642a45c97	GET	/blog/a2c9c60f-73f6-4fe0-8ae5-50d2200d20f5	http://localhost:5173
17042025	01:15:05	726d8b3b-6aeb-4e4c-b150-f823ea427d2b	OPTIONS	/blog/post/12c206db-19da-4f84-8b96-9f86b4e2a1a9	http://localhost:5173
17042025	01:15:05	87a8db68-1e03-444a-a49f-37f1f96769c4	DELETE	/blog/post/12c206db-19da-4f84-8b96-9f86b4e2a1a9	http://localhost:5173
17042025	01:15:05	a0453e56-7c54-40b9-89c9-55ae383a09c7	GET	/blog/a2c9c60f-73f6-4fe0-8ae5-50d2200d20f5	http://localhost:5173
17042025	01:15:06	250fdc48-9a6b-4f91-a0fd-088ad13be899	OPTIONS	/blog/post/8227e35e-0338-40cf-8916-295dfce81d59	http://localhost:5173
17042025	01:15:06	7d634744-237e-47cf-a1a3-0c5849ea9ec5	DELETE	/blog/post/8227e35e-0338-40cf-8916-295dfce81d59	http://localhost:5173
17042025	01:15:06	fa9e99ea-3705-4422-ab30-589830c59b0c	GET	/blog/a2c9c60f-73f6-4fe0-8ae5-50d2200d20f5	http://localhost:5173
17042025	01:15:08	9a1a5187-0f9d-4e57-a48c-47cd9dfad41d	OPTIONS	/blog/post/a1e96a8e-5bd2-46d3-95e4-38c3899e10c7	http://localhost:5173
17042025	01:15:08	bc2088a4-1215-4e96-a9b4-240842bc97dc	DELETE	/blog/post/a1e96a8e-5bd2-46d3-95e4-38c3899e10c7	http://localhost:5173
17042025	01:15:08	65a5d808-c28d-4c71-9b10-4e5966e04c7a	OPTIONS	/blog/a2c9c60f-73f6-4fe0-8ae5-50d2200d20f5	http://localhost:5173
17042025	01:15:08	142218a6-2f87-4cb6-b662-1e0f25460458	GET	/blog/a2c9c60f-73f6-4fe0-8ae5-50d2200d20f5	http://localhost:5173
17042025	01:15:11	f5d668f4-db78-49d6-ab1a-4d63041b7646	GET	/blog/a2c9c60f-73f6-4fe0-8ae5-50d2200d20f5	http://localhost:5173
17042025	01:15:16	3a911f9a-2614-4519-b9f4-eaa15bb0baf3	OPTIONS	/blog/a2c9c60f-73f6-4fe0-8ae5-50d2200d20f5	http://localhost:5173
17042025	01:15:16	80765d36-9402-420f-8387-3f0c25e4f329	GET	/blog/a2c9c60f-73f6-4fe0-8ae5-50d2200d20f5	http://localhost:5173
17042025	01:15:22	a961de30-3f5e-4e39-b578-ca1875402ce0	OPTIONS	/blog/a2c9c60f-73f6-4fe0-8ae5-50d2200d20f5	http://localhost:5173
17042025	01:15:22	13f50207-6eba-488c-bc94-841eecf9ec81	GET	/blog/a2c9c60f-73f6-4fe0-8ae5-50d2200d20f5	http://localhost:5173
17042025	01:15:25	c0ce27a7-5d09-4bc9-847e-791d581b2dbb	GET	/blog/a2c9c60f-73f6-4fe0-8ae5-50d2200d20f5	http://localhost:5173
17042025	01:15:29	0df7a1d4-200a-4abc-b3f6-426c95a604aa	OPTIONS	/blog/a2c9c60f-73f6-4fe0-8ae5-50d2200d20f5	http://localhost:5173
17042025	01:15:29	46d80e7b-5997-4b0b-bdbe-4ea12725b3aa	GET	/blog/a2c9c60f-73f6-4fe0-8ae5-50d2200d20f5	http://localhost:5173
17042025	01:22:54	e17ae2c7-e1c5-41fc-83ea-4617359ae18c	OPTIONS	/blog/a2c9c60f-73f6-4fe0-8ae5-50d2200d20f5	http://localhost:5173
17042025	01:22:54	46b75e9e-ec1f-427a-932e-5bb780144bf0	GET	/blog/a2c9c60f-73f6-4fe0-8ae5-50d2200d20f5	http://localhost:5173
17042025	01:23:27	9ab579c6-8193-4967-9f8c-00a76e40997c	OPTIONS	/blog/a2c9c60f-73f6-4fe0-8ae5-50d2200d20f5	http://localhost:5173
17042025	01:23:27	0bb0a736-da20-446d-966e-8c115203aa49	GET	/blog/a2c9c60f-73f6-4fe0-8ae5-50d2200d20f5	http://localhost:5173
17042025	01:25:32	ca78f33d-7890-4aea-b075-4df162da36fa	OPTIONS	/auth	http://localhost:5173
17042025	01:25:32	21e50871-beee-4497-a017-1e5d3ea6866b	POST	/auth	http://localhost:5173
17042025	01:27:44	da5267a0-91b4-4d46-9d38-3c7d77c865d0	OPTIONS	/blog/a2c9c60f-73f6-4fe0-8ae5-50d2200d20f5	http://localhost:5173
17042025	01:27:44	553c64cb-2a1a-4600-ae76-41396096a421	GET	/blog/a2c9c60f-73f6-4fe0-8ae5-50d2200d20f5	http://localhost:5173
17042025	01:28:34	a45ed529-c6f0-4ac4-b375-0046b8ddfcc1	OPTIONS	/blog/post	http://localhost:5173
17042025	01:28:34	0d929988-f6b2-4318-b0e6-e6a6b83989ed	POST	/blog/post	http://localhost:5173
17042025	01:28:39	f6d971cc-3479-4510-81a8-f76da9f70435	OPTIONS	/blog/a2c9c60f-73f6-4fe0-8ae5-50d2200d20f5	http://localhost:5173
17042025	01:28:39	9c0d3720-51e5-461c-8804-7a610dd6db03	GET	/blog/a2c9c60f-73f6-4fe0-8ae5-50d2200d20f5	http://localhost:5173
17042025	01:28:42	1e8efeb9-f7a3-4c7d-a3fa-f624f4613ee7	OPTIONS	/blog/post	http://localhost:5173
17042025	01:28:42	6ee2759b-8a89-42f0-933f-e06702c2a98a	POST	/blog/post	http://localhost:5173
17042025	01:28:43	dd9d1fd7-d04c-4e86-a494-3ddc1c836263	GET	/blog/a2c9c60f-73f6-4fe0-8ae5-50d2200d20f5	http://localhost:5173
17042025	01:28:47	c8124ce3-332e-4f7b-9640-373b137da9e7	OPTIONS	/blog/post	http://localhost:5173
17042025	01:28:47	014f5299-0cef-441c-b060-c8535001d0d1	POST	/blog/post	http://localhost:5173
17042025	01:28:48	bc25f6fe-7f67-4314-aeba-74b79c958622	OPTIONS	/blog/a2c9c60f-73f6-4fe0-8ae5-50d2200d20f5	http://localhost:5173
17042025	01:28:48	d7c9779e-0a37-4f90-bd85-b874d7c857ae	GET	/blog/a2c9c60f-73f6-4fe0-8ae5-50d2200d20f5	http://localhost:5173
17042025	01:28:51	fb533b98-6036-4db7-bad1-4670e772535f	OPTIONS	/blog/post/ac732aa2-4949-4043-9571-8cd04f6c9a81	http://localhost:5173
17042025	01:28:51	87bdab1b-a0b1-4f9d-a6b3-b38f497773b0	DELETE	/blog/post/ac732aa2-4949-4043-9571-8cd04f6c9a81	http://localhost:5173
17042025	01:28:51	fb784be1-6ce6-4509-ad09-977e66999a05	GET	/blog/a2c9c60f-73f6-4fe0-8ae5-50d2200d20f5	http://localhost:5173
17042025	01:28:53	fabaffa6-93ac-425c-bc3f-58d980b59c0d	OPTIONS	/blog/post/cab64fba-f71b-4b7b-8572-5ef44b087cb5	http://localhost:5173
17042025	01:28:53	d4fb8e38-d8b1-40d1-8c33-a230614df169	DELETE	/blog/post/cab64fba-f71b-4b7b-8572-5ef44b087cb5	http://localhost:5173
17042025	01:28:53	fdf056c2-3765-40a6-8fd8-027b11eb37a9	GET	/blog/a2c9c60f-73f6-4fe0-8ae5-50d2200d20f5	http://localhost:5173
17042025	01:29:16	3603381c-68ed-41bc-844b-9c33fdb9abb1	OPTIONS	/blog/a2c9c60f-73f6-4fe0-8ae5-50d2200d20f5	http://localhost:5173
17042025	01:29:16	f2ecc777-24fc-4bc3-bb20-8f74d313b8ea	GET	/blog/a2c9c60f-73f6-4fe0-8ae5-50d2200d20f5	http://localhost:5173
17042025	01:29:22	2c46d3d4-59f8-43ed-be38-94db31bc5e6b	OPTIONS	/blog/a2c9c60f-73f6-4fe0-8ae5-50d2200d20f5	http://localhost:5173
17042025	01:29:22	62faf329-bd79-4a74-8043-9fc64c703aeb	GET	/blog/a2c9c60f-73f6-4fe0-8ae5-50d2200d20f5	http://localhost:5173
17042025	01:29:41	fc00927f-f832-4054-8f9d-9cf371269ed3	OPTIONS	/blog/a2c9c60f-73f6-4fe0-8ae5-50d2200d20f5	http://localhost:5173
17042025	01:29:41	95991a9e-f92f-4864-9f48-80533bcd7a22	GET	/blog/a2c9c60f-73f6-4fe0-8ae5-50d2200d20f5	http://localhost:5173
